  Application.cpp
  Camera.cpp
  ControllerHitReport.cpp
  Fluid.cpp
Physics\PhysX\Fluid.cpp(26): warning C4305: 'argument': truncation from 'double' to 'float'
  Gizmos.cpp
  main.cpp
  MyCollisionCallback.cpp
  ParticleEmitter.cpp
  ParticleFluidEmitter.cpp
  Physics.cpp
  CollisionChecker.cpp
  PhysicsObject.cpp
  Plane.cpp
  Box.cpp
  DIYRigidBody.cpp
  Sphere.cpp
  SpringJoint.cpp
  Ragdoll.cpp
  Renderer.cpp
  gl_core_4_4.c
LINK : warning LNK4098: defaultlib 'LIBCMT' conflicts with use of other libs; use /NODEFAULTLIB:library
  Generating code
c:\users\goose\documents\physicsforgames\physicsforgames\physics\physx\fluid.cpp(31): warning C4715: 'Fluid::Create': not all control paths return a value
  All 2622 functions were compiled because no usable IPDB/IOBJ from previous compilation was found.
  Finished generating code
PhysX3Extensions.lib(ExtCpuWorkerThread.obj) : warning LNK4099: PDB 'PhysX3Extensions.pdb' was not found with 'PhysX3Extensions.lib(ExtCpuWorkerThread.obj)' or at 'C:\Users\Goose\Documents\PhysicsForGames\Release\PhysX3Extensions.pdb'; linking object as if no debug info
PhysX3Extensions.lib(ExtD6Joint.obj) : warning LNK4099: PDB 'PhysX3Extensions.pdb' was not found with 'PhysX3Extensions.lib(ExtD6Joint.obj)' or at 'C:\Users\Goose\Documents\PhysicsForGames\Release\PhysX3Extensions.pdb'; linking object as if no debug info
PhysX3Extensions.lib(ExtD6JointSolverPrep.obj) : warning LNK4099: PDB 'PhysX3Extensions.pdb' was not found with 'PhysX3Extensions.lib(ExtD6JointSolverPrep.obj)' or at 'C:\Users\Goose\Documents\PhysicsForGames\Release\PhysX3Extensions.pdb'; linking object as if no debug info
PhysX3Extensions.lib(ExtDefaultCpuDispatcher.obj) : warning LNK4099: PDB 'PhysX3Extensions.pdb' was not found with 'PhysX3Extensions.lib(ExtDefaultCpuDispatcher.obj)' or at 'C:\Users\Goose\Documents\PhysicsForGames\Release\PhysX3Extensions.pdb'; linking object as if no debug info
PhysX3Extensions.lib(ExtDefaultErrorCallback.obj) : warning LNK4099: PDB 'PhysX3Extensions.pdb' was not found with 'PhysX3Extensions.lib(ExtDefaultErrorCallback.obj)' or at 'C:\Users\Goose\Documents\PhysicsForGames\Release\PhysX3Extensions.pdb'; linking object as if no debug info
PhysX3Extensions.lib(ExtDistanceJoint.obj) : warning LNK4099: PDB 'PhysX3Extensions.pdb' was not found with 'PhysX3Extensions.lib(ExtDistanceJoint.obj)' or at 'C:\Users\Goose\Documents\PhysicsForGames\Release\PhysX3Extensions.pdb'; linking object as if no debug info
PhysX3Extensions.lib(ExtDistanceJointSolverPrep.obj) : warning LNK4099: PDB 'PhysX3Extensions.pdb' was not found with 'PhysX3Extensions.lib(ExtDistanceJointSolverPrep.obj)' or at 'C:\Users\Goose\Documents\PhysicsForGames\Release\PhysX3Extensions.pdb'; linking object as if no debug info
PhysX3Extensions.lib(ExtExtensions.obj) : warning LNK4099: PDB 'PhysX3Extensions.pdb' was not found with 'PhysX3Extensions.lib(ExtExtensions.obj)' or at 'C:\Users\Goose\Documents\PhysicsForGames\Release\PhysX3Extensions.pdb'; linking object as if no debug info
PhysX3Extensions.lib(ExtFixedJoint.obj) : warning LNK4099: PDB 'PhysX3Extensions.pdb' was not found with 'PhysX3Extensions.lib(ExtFixedJoint.obj)' or at 'C:\Users\Goose\Documents\PhysicsForGames\Release\PhysX3Extensions.pdb'; linking object as if no debug info
PhysX3Extensions.lib(ExtFixedJointSolverPrep.obj) : warning LNK4099: PDB 'PhysX3Extensions.pdb' was not found with 'PhysX3Extensions.lib(ExtFixedJointSolverPrep.obj)' or at 'C:\Users\Goose\Documents\PhysicsForGames\Release\PhysX3Extensions.pdb'; linking object as if no debug info
PhysX3Extensions.lib(ExtJoint.obj) : warning LNK4099: PDB 'PhysX3Extensions.pdb' was not found with 'PhysX3Extensions.lib(ExtJoint.obj)' or at 'C:\Users\Goose\Documents\PhysicsForGames\Release\PhysX3Extensions.pdb'; linking object as if no debug info
PhysX3Extensions.lib(ExtPrismaticJoint.obj) : warning LNK4099: PDB 'PhysX3Extensions.pdb' was not found with 'PhysX3Extensions.lib(ExtPrismaticJoint.obj)' or at 'C:\Users\Goose\Documents\PhysicsForGames\Release\PhysX3Extensions.pdb'; linking object as if no debug info
PhysX3Extensions.lib(ExtPrismaticJointSolverPrep.obj) : warning LNK4099: PDB 'PhysX3Extensions.pdb' was not found with 'PhysX3Extensions.lib(ExtPrismaticJointSolverPrep.obj)' or at 'C:\Users\Goose\Documents\PhysicsForGames\Release\PhysX3Extensions.pdb'; linking object as if no debug info
PhysX3Extensions.lib(ExtRevoluteJoint.obj) : warning LNK4099: PDB 'PhysX3Extensions.pdb' was not found with 'PhysX3Extensions.lib(ExtRevoluteJoint.obj)' or at 'C:\Users\Goose\Documents\PhysicsForGames\Release\PhysX3Extensions.pdb'; linking object as if no debug info
PhysX3Extensions.lib(ExtRevoluteJointSolverPrep.obj) : warning LNK4099: PDB 'PhysX3Extensions.pdb' was not found with 'PhysX3Extensions.lib(ExtRevoluteJointSolverPrep.obj)' or at 'C:\Users\Goose\Documents\PhysicsForGames\Release\PhysX3Extensions.pdb'; linking object as if no debug info
PhysX3Extensions.lib(ExtRigidBodyExt.obj) : warning LNK4099: PDB 'PhysX3Extensions.pdb' was not found with 'PhysX3Extensions.lib(ExtRigidBodyExt.obj)' or at 'C:\Users\Goose\Documents\PhysicsForGames\Release\PhysX3Extensions.pdb'; linking object as if no debug info
PhysX3Extensions.lib(ExtSimpleFactory.obj) : warning LNK4099: PDB 'PhysX3Extensions.pdb' was not found with 'PhysX3Extensions.lib(ExtSimpleFactory.obj)' or at 'C:\Users\Goose\Documents\PhysicsForGames\Release\PhysX3Extensions.pdb'; linking object as if no debug info
PhysX3Extensions.lib(ExtSphericalJoint.obj) : warning LNK4099: PDB 'PhysX3Extensions.pdb' was not found with 'PhysX3Extensions.lib(ExtSphericalJoint.obj)' or at 'C:\Users\Goose\Documents\PhysicsForGames\Release\PhysX3Extensions.pdb'; linking object as if no debug info
PhysX3Extensions.lib(ExtSphericalJointSolverPrep.obj) : warning LNK4099: PDB 'PhysX3Extensions.pdb' was not found with 'PhysX3Extensions.lib(ExtSphericalJointSolverPrep.obj)' or at 'C:\Users\Goose\Documents\PhysicsForGames\Release\PhysX3Extensions.pdb'; linking object as if no debug info
PhysX3Extensions.lib(SnJointRepXSerializer.obj) : warning LNK4099: PDB 'PhysX3Extensions.pdb' was not found with 'PhysX3Extensions.lib(SnJointRepXSerializer.obj)' or at 'C:\Users\Goose\Documents\PhysicsForGames\Release\PhysX3Extensions.pdb'; linking object as if no debug info
PhysX3Extensions.lib(SnRepXCoreSerializer.obj) : warning LNK4099: PDB 'PhysX3Extensions.pdb' was not found with 'PhysX3Extensions.lib(SnRepXCoreSerializer.obj)' or at 'C:\Users\Goose\Documents\PhysicsForGames\Release\PhysX3Extensions.pdb'; linking object as if no debug info
PhysX3Extensions.lib(PxExtensionAutoGeneratedMetaDataObjects.obj) : warning LNK4099: PDB 'PhysX3Extensions.pdb' was not found with 'PhysX3Extensions.lib(PxExtensionAutoGeneratedMetaDataObjects.obj)' or at 'C:\Users\Goose\Documents\PhysicsForGames\Release\PhysX3Extensions.pdb'; linking object as if no debug info
  PhysicsForGames.vcxproj -> C:\Users\Goose\Documents\PhysicsForGames\Release\PhysicsForGames.exe
  PhysicsForGames.vcxproj -> C:\Users\Goose\Documents\PhysicsForGames\Release\PhysicsForGames.pdb (Full PDB)
  C:\Users\Goose\Documents\PhysicsForGames\PhysicsForGames\lib\glfw\glfw3.dll
  1 File(s) copied
  C:\Users\Goose\Documents\PhysicsForGames\PhysicsForGames\lib\physx\nvToolsExt32_1.dll
  C:\Users\Goose\Documents\PhysicsForGames\PhysicsForGames\lib\physx\PhysX3CharacterKinematicDEBUG_x86.dll
  C:\Users\Goose\Documents\PhysicsForGames\PhysicsForGames\lib\physx\PhysX3CharacterKinematic_x86.dll
  C:\Users\Goose\Documents\PhysicsForGames\PhysicsForGames\lib\physx\PhysX3CommonDEBUG_x86.dll
  C:\Users\Goose\Documents\PhysicsForGames\PhysicsForGames\lib\physx\PhysX3Common_x86.dll
  C:\Users\Goose\Documents\PhysicsForGames\PhysicsForGames\lib\physx\PhysX3CookingDEBUG_x86.dll
  C:\Users\Goose\Documents\PhysicsForGames\PhysicsForGames\lib\physx\PhysX3Cooking_x86.dll
  C:\Users\Goose\Documents\PhysicsForGames\PhysicsForGames\lib\physx\PhysX3DEBUG_x86.dll
  C:\Users\Goose\Documents\PhysicsForGames\PhysicsForGames\lib\physx\PhysX3_x86.dll
  9 File(s) copied
